# JRE version: Java(TM) SE Runtime Environment (8.0_171-b11) (build 1.8.0_171-b11)
# Java VM: Java HotSpot(TM) 64-Bit Server VM (25.171-b11 mixed mode windows-amd64 compressed oops)
Heap:
 PSYoungGen      total 111616K, used 106643K [0x00000000d7300000, 0x00000000e1100000, 0x0000000100000000)
  eden space 103936K, 95% used [0x00000000d7300000,0x00000000dd3a5ee8,0x00000000dd880000)
  from space 7680K, 99% used [0x00000000dd880000,0x00000000ddffef48,0x00000000de000000)
  to   space 9216K, 0% used [0x00000000e0800000,0x00000000e0800000,0x00000000e1100000)
 ParOldGen       total 50176K, used 8522K [0x0000000085800000, 0x0000000088900000, 0x00000000d7300000)
  object space 50176K, 16% used [0x0000000085800000,0x0000000086052b10,0x0000000088900000)
 Metaspace       used 31240K, capacity 31706K, committed 31872K, reserved 1077248K
  class space    used 3837K, capacity 3952K, committed 3968K, reserved 1048576K
GC Heap History (10 events):
Event: 4.511 GC heap before
{Heap before GC invocations=6 (full 0):
 PSYoungGen      total 36864K, used 24842K [0x00000000d7300000, 0x00000000dbf00000, 0x0000000100000000)
  eden space 31744K, 62% used [0x00000000d7300000,0x00000000d86480a0,0x00000000d9200000)
  from space 5120K, 99% used [0x00000000d9200000,0x00000000d96fa9f8,0x00000000d9700000)
  to   space 7168K, 0% used [0x00000000db800000,0x00000000db800000,0x00000000dbf00000)
 ParOldGen       total 84992K, used 2434K [0x0000000085800000, 0x000000008ab00000, 0x00000000d7300000)
  object space 84992K, 2% used [0x0000000085800000,0x0000000085a60b80,0x000000008ab00000)
 Metaspace       used 20867K, capacity 21118K, committed 21296K, reserved 1069056K
  class space    used 2536K, capacity 2598K, committed 2688K, reserved 1048576K
Event: 4.519 GC heap after
Heap after GC invocations=6 (full 0):
 PSYoungGen      total 70144K, used 6682K [0x00000000d7300000, 0x00000000dc000000, 0x0000000100000000)
  eden space 62976K, 0% used [0x00000000d7300000,0x00000000d7300000,0x00000000db080000)
  from space 7168K, 93% used [0x00000000db800000,0x00000000dbe86ac8,0x00000000dbf00000)
  to   space 7680K, 0% used [0x00000000db080000,0x00000000db080000,0x00000000db800000)
 ParOldGen       total 84992K, used 2442K [0x0000000085800000, 0x000000008ab00000, 0x00000000d7300000)
  object space 84992K, 2% used [0x0000000085800000,0x0000000085a62b80,0x000000008ab00000)
 Metaspace       used 20867K, capacity 21118K, committed 21296K, reserved 1069056K
  class space    used 2536K, capacity 2598K, committed 2688K, reserved 1048576K
}
Event: 4.519 GC heap before
{Heap before GC invocations=7 (full 1):
 PSYoungGen      total 70144K, used 6682K [0x00000000d7300000, 0x00000000dc000000, 0x0000000100000000)
  eden space 62976K, 0% used [0x00000000d7300000,0x00000000d7300000,0x00000000db080000)
  from space 7168K, 93% used [0x00000000db800000,0x00000000dbe86ac8,0x00000000dbf00000)
  to   space 7680K, 0% used [0x00000000db080000,0x00000000db080000,0x00000000db800000)
 ParOldGen       total 84992K, used 2442K [0x0000000085800000, 0x000000008ab00000, 0x00000000d7300000)
  object space 84992K, 2% used [0x0000000085800000,0x0000000085a62b80,0x000000008ab00000)
 Metaspace       used 20867K, capacity 21118K, committed 21296K, reserved 1069056K
  class space    used 2536K, capacity 2598K, committed 2688K, reserved 1048576K
Event: 4.562 GC heap after
Heap after GC invocations=7 (full 1):
 PSYoungGen      total 70144K, used 0K [0x00000000d7300000, 0x00000000dc000000, 0x0000000100000000)
  eden space 62976K, 0% used [0x00000000d7300000,0x00000000d7300000,0x00000000db080000)
  from space 7168K, 0% used [0x00000000db800000,0x00000000db800000,0x00000000dbf00000)
  to   space 7680K, 0% used [0x00000000db080000,0x00000000db080000,0x00000000db800000)
 ParOldGen       total 50176K, used 6720K [0x0000000085800000, 0x0000000088900000, 0x00000000d7300000)
  object space 50176K, 13% used [0x0000000085800000,0x0000000085e90340,0x0000000088900000)
 Metaspace       used 20867K, capacity 21118K, committed 21296K, reserved 1069056K
  class space    used 2536K, capacity 2598K, committed 2688K, reserved 1048576K
}
Event: 5.622 GC heap before
{Heap before GC invocations=8 (full 1):
 PSYoungGen      total 70144K, used 62976K [0x00000000d7300000, 0x00000000dc000000, 0x0000000100000000)
  eden space 62976K, 100% used [0x00000000d7300000,0x00000000db080000,0x00000000db080000)
  from space 7168K, 0% used [0x00000000db800000,0x00000000db800000,0x00000000dbf00000)
  to   space 7680K, 0% used [0x00000000db080000,0x00000000db080000,0x00000000db800000)
 ParOldGen       total 50176K, used 6720K [0x0000000085800000, 0x0000000088900000, 0x00000000d7300000)
  object space 50176K, 13% used [0x0000000085800000,0x0000000085e90340,0x0000000088900000)
 Metaspace       used 22051K, capacity 22414K, committed 22704K, reserved 1069056K
  class space    used 2681K, capacity 2766K, committed 2816K, reserved 1048576K
Event: 5.630 GC heap after
Heap after GC invocations=8 (full 1):
 PSYoungGen      total 70656K, used 4886K [0x00000000d7300000, 0x00000000de780000, 0x0000000100000000)
  eden space 62976K, 0% used [0x00000000d7300000,0x00000000d7300000,0x00000000db080000)
  from space 7680K, 63% used [0x00000000db080000,0x00000000db545ad0,0x00000000db800000)
  to   space 7680K, 0% used [0x00000000de000000,0x00000000de000000,0x00000000de780000)
 ParOldGen       total 50176K, used 6720K [0x0000000085800000, 0x0000000088900000, 0x00000000d7300000)
  object space 50176K, 13% used [0x0000000085800000,0x0000000085e90340,0x0000000088900000)
 Metaspace       used 22051K, capacity 22414K, committed 22704K, reserved 1069056K
  class space    used 2681K, capacity 2766K, committed 2816K, reserved 1048576K
}
Event: 6.218 GC heap before
{Heap before GC invocations=9 (full 1):
 PSYoungGen      total 70656K, used 67862K [0x00000000d7300000, 0x00000000de780000, 0x0000000100000000)
  eden space 62976K, 100% used [0x00000000d7300000,0x00000000db080000,0x00000000db080000)
  from space 7680K, 63% used [0x00000000db080000,0x00000000db545ad0,0x00000000db800000)
  to   space 7680K, 0% used [0x00000000de000000,0x00000000de000000,0x00000000de780000)
 ParOldGen       total 50176K, used 6720K [0x0000000085800000, 0x0000000088900000, 0x00000000d7300000)
  object space 50176K, 13% used [0x0000000085800000,0x0000000085e90340,0x0000000088900000)
 Metaspace       used 23824K, capacity 24210K, committed 24576K, reserved 1071104K
  class space    used 2901K, capacity 2996K, committed 3072K, reserved 1048576K
Event: 6.229 GC heap after
Heap after GC invocations=9 (full 1):
 PSYoungGen      total 111616K, used 6391K [0x00000000d7300000, 0x00000000de800000, 0x0000000100000000)
  eden space 103936K, 0% used [0x00000000d7300000,0x00000000d7300000,0x00000000dd880000)
  from space 7680K, 83% used [0x00000000de000000,0x00000000de63dfc0,0x00000000de780000)
  to   space 7680K, 0% used [0x00000000dd880000,0x00000000dd880000,0x00000000de000000)
 ParOldGen       total 50176K, used 6728K [0x0000000085800000, 0x0000000088900000, 0x00000000d7300000)
  object space 50176K, 13% used [0x0000000085800000,0x0000000085e92340,0x0000000088900000)
 Metaspace       used 23824K, capacity 24210K, committed 24576K, reserved 1071104K
  class space    used 2901K, capacity 2996K, committed 3072K, reserved 1048576K
}
Event: 7.470 GC heap before
{Heap before GC invocations=10 (full 1):
 PSYoungGen      total 111616K, used 110327K [0x00000000d7300000, 0x00000000de800000, 0x0000000100000000)
  eden space 103936K, 100% used [0x00000000d7300000,0x00000000dd880000,0x00000000dd880000)
  from space 7680K, 83% used [0x00000000de000000,0x00000000de63dfc0,0x00000000de780000)
  to   space 7680K, 0% used [0x00000000dd880000,0x00000000dd880000,0x00000000de000000)
 ParOldGen       total 50176K, used 6728K [0x0000000085800000, 0x0000000088900000, 0x00000000d7300000)
  object space 50176K, 13% used [0x0000000085800000,0x0000000085e92340,0x0000000088900000)
 Metaspace       used 27496K, capacity 27932K, committed 28160K, reserved 1073152K
  class space    used 3372K, capacity 3467K, committed 3584K, reserved 1048576K
Event: 7.483 GC heap after
Heap after GC invocations=10 (full 1):
 PSYoungGen      total 111616K, used 7675K [0x00000000d7300000, 0x00000000e1100000, 0x0000000100000000)
  eden space 103936K, 0% used [0x00000000d7300000,0x00000000d7300000,0x00000000dd880000)
  from space 7680K, 99% used [0x00000000dd880000,0x00000000ddffef48,0x00000000de000000)
  to   space 9216K, 0% used [0x00000000e0800000,0x00000000e0800000,0x00000000e1100000)
 ParOldGen       total 50176K, used 8522K [0x0000000085800000, 0x0000000088900000, 0x00000000d7300000)
  object space 50176K, 16% used [0x0000000085800000,0x0000000086052b10,0x0000000088900000)
 Metaspace       used 27496K, capacity 27932K, committed 28160K, reserved 1073152K
  class space    used 3372K, capacity 3467K, committed 3584K, reserved 1048576K
}

